ARM GAS  C:\Users\Daniel\AppData\Local\Temp\ccAeUQHh.s 			page 1


   1              		.cpu cortex-m0
   2              		.arch armv6s-m
   3              		.fpu softvfp
   4              		.eabi_attribute 20, 1
   5              		.eabi_attribute 21, 1
   6              		.eabi_attribute 23, 3
   7              		.eabi_attribute 24, 1
   8              		.eabi_attribute 25, 1
   9              		.eabi_attribute 26, 1
  10              		.eabi_attribute 30, 1
  11              		.eabi_attribute 34, 0
  12              		.eabi_attribute 18, 4
  13              		.file	"adc.c"
  14              		.text
  15              	.Ltext0:
  16              		.cfi_sections	.debug_frame
  17              		.file 1 "Core/Src/adc.c"
  18              		.section	.text.MX_ADC_Init,"ax",%progbits
  19              		.align	1
  20              		.global	MX_ADC_Init
  21              		.syntax unified
  22              		.code	16
  23              		.thumb_func
  25              	MX_ADC_Init:
  26              	.LFB40:
   1:Core/Src/adc.c **** /* USER CODE BEGIN Header */
   2:Core/Src/adc.c **** /**
   3:Core/Src/adc.c ****   ******************************************************************************
   4:Core/Src/adc.c ****   * @file    adc.c
   5:Core/Src/adc.c ****   * @brief   This file provides code for the configuration
   6:Core/Src/adc.c ****   *          of the ADC instances.
   7:Core/Src/adc.c ****   ******************************************************************************
   8:Core/Src/adc.c ****   * @attention
   9:Core/Src/adc.c ****   *
  10:Core/Src/adc.c ****   * Copyright (c) 2023 STMicroelectronics.
  11:Core/Src/adc.c ****   * All rights reserved.
  12:Core/Src/adc.c ****   *
  13:Core/Src/adc.c ****   * This software is licensed under terms that can be found in the LICENSE file
  14:Core/Src/adc.c ****   * in the root directory of this software component.
  15:Core/Src/adc.c ****   * If no LICENSE file comes with this software, it is provided AS-IS.
  16:Core/Src/adc.c ****   *
  17:Core/Src/adc.c ****   ******************************************************************************
  18:Core/Src/adc.c ****   */
  19:Core/Src/adc.c **** /* USER CODE END Header */
  20:Core/Src/adc.c **** /* Includes ------------------------------------------------------------------*/
  21:Core/Src/adc.c **** #include "adc.h"
  22:Core/Src/adc.c **** 
  23:Core/Src/adc.c **** /* USER CODE BEGIN 0 */
  24:Core/Src/adc.c **** 
  25:Core/Src/adc.c **** /* USER CODE END 0 */
  26:Core/Src/adc.c **** 
  27:Core/Src/adc.c **** ADC_HandleTypeDef hadc;
  28:Core/Src/adc.c **** 
  29:Core/Src/adc.c **** /* ADC init function */
  30:Core/Src/adc.c **** void MX_ADC_Init(void)
  31:Core/Src/adc.c **** {
  27              		.loc 1 31 1 view -0
ARM GAS  C:\Users\Daniel\AppData\Local\Temp\ccAeUQHh.s 			page 2


  28              		.cfi_startproc
  29              		@ args = 0, pretend = 0, frame = 16
  30              		@ frame_needed = 0, uses_anonymous_args = 0
  31 0000 00B5     		push	{lr}
  32              		.cfi_def_cfa_offset 4
  33              		.cfi_offset 14, -4
  34 0002 85B0     		sub	sp, sp, #20
  35              		.cfi_def_cfa_offset 24
  32:Core/Src/adc.c **** 
  33:Core/Src/adc.c ****   /* USER CODE BEGIN ADC_Init 0 */
  34:Core/Src/adc.c **** 
  35:Core/Src/adc.c ****   /* USER CODE END ADC_Init 0 */
  36:Core/Src/adc.c **** 
  37:Core/Src/adc.c ****   ADC_ChannelConfTypeDef sConfig = {0};
  36              		.loc 1 37 3 view .LVU1
  37              		.loc 1 37 26 is_stmt 0 view .LVU2
  38 0004 0C22     		movs	r2, #12
  39 0006 0021     		movs	r1, #0
  40 0008 01A8     		add	r0, sp, #4
  41 000a FFF7FEFF 		bl	memset
  42              	.LVL0:
  38:Core/Src/adc.c **** 
  39:Core/Src/adc.c ****   /* USER CODE BEGIN ADC_Init 1 */
  40:Core/Src/adc.c **** 
  41:Core/Src/adc.c ****   /* USER CODE END ADC_Init 1 */
  42:Core/Src/adc.c **** 
  43:Core/Src/adc.c ****   /** Configure the global features of the ADC (Clock, Resolution, Data Alignment and number of con
  44:Core/Src/adc.c ****   */
  45:Core/Src/adc.c ****   hadc.Instance = ADC1;
  43              		.loc 1 45 3 is_stmt 1 view .LVU3
  44              		.loc 1 45 17 is_stmt 0 view .LVU4
  45 000e 1848     		ldr	r0, .L6
  46 0010 184B     		ldr	r3, .L6+4
  47 0012 0360     		str	r3, [r0]
  46:Core/Src/adc.c ****   hadc.Init.ClockPrescaler = ADC_CLOCK_ASYNC_DIV1;
  48              		.loc 1 46 3 is_stmt 1 view .LVU5
  49              		.loc 1 46 28 is_stmt 0 view .LVU6
  50 0014 0023     		movs	r3, #0
  51 0016 4360     		str	r3, [r0, #4]
  47:Core/Src/adc.c ****   hadc.Init.Resolution = ADC_RESOLUTION_12B;
  52              		.loc 1 47 3 is_stmt 1 view .LVU7
  53              		.loc 1 47 24 is_stmt 0 view .LVU8
  54 0018 8360     		str	r3, [r0, #8]
  48:Core/Src/adc.c ****   hadc.Init.DataAlign = ADC_DATAALIGN_RIGHT;
  55              		.loc 1 48 3 is_stmt 1 view .LVU9
  56              		.loc 1 48 23 is_stmt 0 view .LVU10
  57 001a C360     		str	r3, [r0, #12]
  49:Core/Src/adc.c ****   hadc.Init.ScanConvMode = ADC_SCAN_DIRECTION_FORWARD;
  58              		.loc 1 49 3 is_stmt 1 view .LVU11
  59              		.loc 1 49 26 is_stmt 0 view .LVU12
  60 001c 0122     		movs	r2, #1
  61 001e 0261     		str	r2, [r0, #16]
  50:Core/Src/adc.c ****   hadc.Init.EOCSelection = ADC_EOC_SINGLE_CONV;
  62              		.loc 1 50 3 is_stmt 1 view .LVU13
  63              		.loc 1 50 26 is_stmt 0 view .LVU14
  64 0020 0421     		movs	r1, #4
  65 0022 4161     		str	r1, [r0, #20]
ARM GAS  C:\Users\Daniel\AppData\Local\Temp\ccAeUQHh.s 			page 3


  51:Core/Src/adc.c ****   hadc.Init.LowPowerAutoWait = DISABLE;
  66              		.loc 1 51 3 is_stmt 1 view .LVU15
  67              		.loc 1 51 30 is_stmt 0 view .LVU16
  68 0024 0376     		strb	r3, [r0, #24]
  52:Core/Src/adc.c ****   hadc.Init.LowPowerAutoPowerOff = DISABLE;
  69              		.loc 1 52 3 is_stmt 1 view .LVU17
  70              		.loc 1 52 34 is_stmt 0 view .LVU18
  71 0026 4376     		strb	r3, [r0, #25]
  53:Core/Src/adc.c ****   hadc.Init.ContinuousConvMode = DISABLE;
  72              		.loc 1 53 3 is_stmt 1 view .LVU19
  73              		.loc 1 53 32 is_stmt 0 view .LVU20
  74 0028 8376     		strb	r3, [r0, #26]
  54:Core/Src/adc.c ****   hadc.Init.DiscontinuousConvMode = DISABLE;
  75              		.loc 1 54 3 is_stmt 1 view .LVU21
  76              		.loc 1 54 35 is_stmt 0 view .LVU22
  77 002a C376     		strb	r3, [r0, #27]
  55:Core/Src/adc.c ****   hadc.Init.ExternalTrigConv = ADC_SOFTWARE_START;
  78              		.loc 1 55 3 is_stmt 1 view .LVU23
  79              		.loc 1 55 30 is_stmt 0 view .LVU24
  80 002c C221     		movs	r1, #194
  81 002e FF31     		adds	r1, r1, #255
  82 0030 C161     		str	r1, [r0, #28]
  56:Core/Src/adc.c ****   hadc.Init.ExternalTrigConvEdge = ADC_EXTERNALTRIGCONVEDGE_NONE;
  83              		.loc 1 56 3 is_stmt 1 view .LVU25
  84              		.loc 1 56 34 is_stmt 0 view .LVU26
  85 0032 0362     		str	r3, [r0, #32]
  57:Core/Src/adc.c ****   hadc.Init.DMAContinuousRequests = DISABLE;
  86              		.loc 1 57 3 is_stmt 1 view .LVU27
  87              		.loc 1 57 35 is_stmt 0 view .LVU28
  88 0034 9E39     		subs	r1, r1, #158
  89 0036 FF39     		subs	r1, r1, #255
  90 0038 4354     		strb	r3, [r0, r1]
  58:Core/Src/adc.c ****   hadc.Init.Overrun = ADC_OVR_DATA_PRESERVED;
  91              		.loc 1 58 3 is_stmt 1 view .LVU29
  92              		.loc 1 58 21 is_stmt 0 view .LVU30
  93 003a 8262     		str	r2, [r0, #40]
  59:Core/Src/adc.c ****   if (HAL_ADC_Init(&hadc) != HAL_OK)
  94              		.loc 1 59 3 is_stmt 1 view .LVU31
  95              		.loc 1 59 7 is_stmt 0 view .LVU32
  96 003c FFF7FEFF 		bl	HAL_ADC_Init
  97              	.LVL1:
  98              		.loc 1 59 6 view .LVU33
  99 0040 0028     		cmp	r0, #0
 100 0042 0FD1     		bne	.L4
 101              	.L2:
  60:Core/Src/adc.c ****   {
  61:Core/Src/adc.c ****     Error_Handler();
  62:Core/Src/adc.c ****   }
  63:Core/Src/adc.c **** 
  64:Core/Src/adc.c ****   /** Configure for the selected ADC regular channel to be converted.
  65:Core/Src/adc.c ****   */
  66:Core/Src/adc.c ****   sConfig.Channel = ADC_CHANNEL_0;
 102              		.loc 1 66 3 is_stmt 1 view .LVU34
 103              		.loc 1 66 19 is_stmt 0 view .LVU35
 104 0044 0023     		movs	r3, #0
 105 0046 0193     		str	r3, [sp, #4]
  67:Core/Src/adc.c ****   sConfig.Rank = ADC_RANK_CHANNEL_NUMBER;
ARM GAS  C:\Users\Daniel\AppData\Local\Temp\ccAeUQHh.s 			page 4


 106              		.loc 1 67 3 is_stmt 1 view .LVU36
 107              		.loc 1 67 16 is_stmt 0 view .LVU37
 108 0048 8023     		movs	r3, #128
 109 004a 5B01     		lsls	r3, r3, #5
 110 004c 0293     		str	r3, [sp, #8]
  68:Core/Src/adc.c ****   sConfig.SamplingTime = ADC_SAMPLETIME_1CYCLE_5;
 111              		.loc 1 68 3 is_stmt 1 view .LVU38
 112              		.loc 1 68 24 is_stmt 0 view .LVU39
 113 004e 8023     		movs	r3, #128
 114 0050 5B05     		lsls	r3, r3, #21
 115 0052 0393     		str	r3, [sp, #12]
  69:Core/Src/adc.c ****   if (HAL_ADC_ConfigChannel(&hadc, &sConfig) != HAL_OK)
 116              		.loc 1 69 3 is_stmt 1 view .LVU40
 117              		.loc 1 69 7 is_stmt 0 view .LVU41
 118 0054 0648     		ldr	r0, .L6
 119 0056 01A9     		add	r1, sp, #4
 120 0058 FFF7FEFF 		bl	HAL_ADC_ConfigChannel
 121              	.LVL2:
 122              		.loc 1 69 6 view .LVU42
 123 005c 0028     		cmp	r0, #0
 124 005e 04D1     		bne	.L5
 125              	.L1:
  70:Core/Src/adc.c ****   {
  71:Core/Src/adc.c ****     Error_Handler();
  72:Core/Src/adc.c ****   }
  73:Core/Src/adc.c ****   /* USER CODE BEGIN ADC_Init 2 */
  74:Core/Src/adc.c **** 
  75:Core/Src/adc.c ****   /* USER CODE END ADC_Init 2 */
  76:Core/Src/adc.c **** 
  77:Core/Src/adc.c **** }
 126              		.loc 1 77 1 view .LVU43
 127 0060 05B0     		add	sp, sp, #20
 128              		@ sp needed
 129 0062 00BD     		pop	{pc}
 130              	.L4:
  61:Core/Src/adc.c ****   }
 131              		.loc 1 61 5 is_stmt 1 view .LVU44
 132 0064 FFF7FEFF 		bl	Error_Handler
 133              	.LVL3:
 134 0068 ECE7     		b	.L2
 135              	.L5:
  71:Core/Src/adc.c ****   }
 136              		.loc 1 71 5 view .LVU45
 137 006a FFF7FEFF 		bl	Error_Handler
 138              	.LVL4:
 139              		.loc 1 77 1 is_stmt 0 view .LVU46
 140 006e F7E7     		b	.L1
 141              	.L7:
 142              		.align	2
 143              	.L6:
 144 0070 00000000 		.word	hadc
 145 0074 00240140 		.word	1073816576
 146              		.cfi_endproc
 147              	.LFE40:
 149              		.section	.text.HAL_ADC_MspInit,"ax",%progbits
 150              		.align	1
 151              		.global	HAL_ADC_MspInit
ARM GAS  C:\Users\Daniel\AppData\Local\Temp\ccAeUQHh.s 			page 5


 152              		.syntax unified
 153              		.code	16
 154              		.thumb_func
 156              	HAL_ADC_MspInit:
 157              	.LVL5:
 158              	.LFB41:
  78:Core/Src/adc.c **** 
  79:Core/Src/adc.c **** void HAL_ADC_MspInit(ADC_HandleTypeDef* adcHandle)
  80:Core/Src/adc.c **** {
 159              		.loc 1 80 1 is_stmt 1 view -0
 160              		.cfi_startproc
 161              		@ args = 0, pretend = 0, frame = 32
 162              		@ frame_needed = 0, uses_anonymous_args = 0
 163              		.loc 1 80 1 is_stmt 0 view .LVU48
 164 0000 10B5     		push	{r4, lr}
 165              		.cfi_def_cfa_offset 8
 166              		.cfi_offset 4, -8
 167              		.cfi_offset 14, -4
 168 0002 88B0     		sub	sp, sp, #32
 169              		.cfi_def_cfa_offset 40
 170 0004 0400     		movs	r4, r0
  81:Core/Src/adc.c **** 
  82:Core/Src/adc.c ****   GPIO_InitTypeDef GPIO_InitStruct = {0};
 171              		.loc 1 82 3 is_stmt 1 view .LVU49
 172              		.loc 1 82 20 is_stmt 0 view .LVU50
 173 0006 1422     		movs	r2, #20
 174 0008 0021     		movs	r1, #0
 175 000a 03A8     		add	r0, sp, #12
 176              	.LVL6:
 177              		.loc 1 82 20 view .LVU51
 178 000c FFF7FEFF 		bl	memset
 179              	.LVL7:
  83:Core/Src/adc.c ****   if(adcHandle->Instance==ADC1)
 180              		.loc 1 83 3 is_stmt 1 view .LVU52
 181              		.loc 1 83 15 is_stmt 0 view .LVU53
 182 0010 2268     		ldr	r2, [r4]
 183              		.loc 1 83 5 view .LVU54
 184 0012 114B     		ldr	r3, .L11
 185 0014 9A42     		cmp	r2, r3
 186 0016 01D0     		beq	.L10
 187              	.L8:
  84:Core/Src/adc.c ****   {
  85:Core/Src/adc.c ****   /* USER CODE BEGIN ADC1_MspInit 0 */
  86:Core/Src/adc.c **** 
  87:Core/Src/adc.c ****   /* USER CODE END ADC1_MspInit 0 */
  88:Core/Src/adc.c ****     /* ADC1 clock enable */
  89:Core/Src/adc.c ****     __HAL_RCC_ADC1_CLK_ENABLE();
  90:Core/Src/adc.c **** 
  91:Core/Src/adc.c ****     __HAL_RCC_GPIOA_CLK_ENABLE();
  92:Core/Src/adc.c ****     /**ADC GPIO Configuration
  93:Core/Src/adc.c ****     PA0     ------> ADC_IN0
  94:Core/Src/adc.c ****     */
  95:Core/Src/adc.c ****     GPIO_InitStruct.Pin = BAT_INP_ADC_Pin;
  96:Core/Src/adc.c ****     GPIO_InitStruct.Mode = GPIO_MODE_ANALOG;
  97:Core/Src/adc.c ****     GPIO_InitStruct.Pull = GPIO_NOPULL;
  98:Core/Src/adc.c ****     HAL_GPIO_Init(BAT_INP_ADC_GPIO_Port, &GPIO_InitStruct);
  99:Core/Src/adc.c **** 
ARM GAS  C:\Users\Daniel\AppData\Local\Temp\ccAeUQHh.s 			page 6


 100:Core/Src/adc.c ****   /* USER CODE BEGIN ADC1_MspInit 1 */
 101:Core/Src/adc.c **** 
 102:Core/Src/adc.c ****   /* USER CODE END ADC1_MspInit 1 */
 103:Core/Src/adc.c ****   }
 104:Core/Src/adc.c **** }
 188              		.loc 1 104 1 view .LVU55
 189 0018 08B0     		add	sp, sp, #32
 190              		@ sp needed
 191              	.LVL8:
 192              		.loc 1 104 1 view .LVU56
 193 001a 10BD     		pop	{r4, pc}
 194              	.LVL9:
 195              	.L10:
  89:Core/Src/adc.c **** 
 196              		.loc 1 89 5 is_stmt 1 view .LVU57
 197              	.LBB2:
  89:Core/Src/adc.c **** 
 198              		.loc 1 89 5 view .LVU58
  89:Core/Src/adc.c **** 
 199              		.loc 1 89 5 view .LVU59
 200 001c 0F4B     		ldr	r3, .L11+4
 201 001e 9A69     		ldr	r2, [r3, #24]
 202 0020 8021     		movs	r1, #128
 203 0022 8900     		lsls	r1, r1, #2
 204 0024 0A43     		orrs	r2, r1
 205 0026 9A61     		str	r2, [r3, #24]
  89:Core/Src/adc.c **** 
 206              		.loc 1 89 5 view .LVU60
 207 0028 9A69     		ldr	r2, [r3, #24]
 208 002a 0A40     		ands	r2, r1
 209 002c 0192     		str	r2, [sp, #4]
  89:Core/Src/adc.c **** 
 210              		.loc 1 89 5 view .LVU61
 211 002e 019A     		ldr	r2, [sp, #4]
 212              	.LBE2:
  89:Core/Src/adc.c **** 
 213              		.loc 1 89 5 view .LVU62
  91:Core/Src/adc.c ****     /**ADC GPIO Configuration
 214              		.loc 1 91 5 view .LVU63
 215              	.LBB3:
  91:Core/Src/adc.c ****     /**ADC GPIO Configuration
 216              		.loc 1 91 5 view .LVU64
  91:Core/Src/adc.c ****     /**ADC GPIO Configuration
 217              		.loc 1 91 5 view .LVU65
 218 0030 5A69     		ldr	r2, [r3, #20]
 219 0032 8021     		movs	r1, #128
 220 0034 8902     		lsls	r1, r1, #10
 221 0036 0A43     		orrs	r2, r1
 222 0038 5A61     		str	r2, [r3, #20]
  91:Core/Src/adc.c ****     /**ADC GPIO Configuration
 223              		.loc 1 91 5 view .LVU66
 224 003a 5B69     		ldr	r3, [r3, #20]
 225 003c 0B40     		ands	r3, r1
 226 003e 0293     		str	r3, [sp, #8]
  91:Core/Src/adc.c ****     /**ADC GPIO Configuration
 227              		.loc 1 91 5 view .LVU67
 228 0040 029B     		ldr	r3, [sp, #8]
ARM GAS  C:\Users\Daniel\AppData\Local\Temp\ccAeUQHh.s 			page 7


 229              	.LBE3:
  91:Core/Src/adc.c ****     /**ADC GPIO Configuration
 230              		.loc 1 91 5 view .LVU68
  95:Core/Src/adc.c ****     GPIO_InitStruct.Mode = GPIO_MODE_ANALOG;
 231              		.loc 1 95 5 view .LVU69
  95:Core/Src/adc.c ****     GPIO_InitStruct.Mode = GPIO_MODE_ANALOG;
 232              		.loc 1 95 25 is_stmt 0 view .LVU70
 233 0042 0123     		movs	r3, #1
 234 0044 0393     		str	r3, [sp, #12]
  96:Core/Src/adc.c ****     GPIO_InitStruct.Pull = GPIO_NOPULL;
 235              		.loc 1 96 5 is_stmt 1 view .LVU71
  96:Core/Src/adc.c ****     GPIO_InitStruct.Pull = GPIO_NOPULL;
 236              		.loc 1 96 26 is_stmt 0 view .LVU72
 237 0046 0233     		adds	r3, r3, #2
 238 0048 0493     		str	r3, [sp, #16]
  97:Core/Src/adc.c ****     HAL_GPIO_Init(BAT_INP_ADC_GPIO_Port, &GPIO_InitStruct);
 239              		.loc 1 97 5 is_stmt 1 view .LVU73
  98:Core/Src/adc.c **** 
 240              		.loc 1 98 5 view .LVU74
 241 004a 9020     		movs	r0, #144
 242 004c 03A9     		add	r1, sp, #12
 243 004e C005     		lsls	r0, r0, #23
 244 0050 FFF7FEFF 		bl	HAL_GPIO_Init
 245              	.LVL10:
 246              		.loc 1 104 1 is_stmt 0 view .LVU75
 247 0054 E0E7     		b	.L8
 248              	.L12:
 249 0056 C046     		.align	2
 250              	.L11:
 251 0058 00240140 		.word	1073816576
 252 005c 00100240 		.word	1073876992
 253              		.cfi_endproc
 254              	.LFE41:
 256              		.section	.text.HAL_ADC_MspDeInit,"ax",%progbits
 257              		.align	1
 258              		.global	HAL_ADC_MspDeInit
 259              		.syntax unified
 260              		.code	16
 261              		.thumb_func
 263              	HAL_ADC_MspDeInit:
 264              	.LVL11:
 265              	.LFB42:
 105:Core/Src/adc.c **** 
 106:Core/Src/adc.c **** void HAL_ADC_MspDeInit(ADC_HandleTypeDef* adcHandle)
 107:Core/Src/adc.c **** {
 266              		.loc 1 107 1 is_stmt 1 view -0
 267              		.cfi_startproc
 268              		@ args = 0, pretend = 0, frame = 0
 269              		@ frame_needed = 0, uses_anonymous_args = 0
 270              		.loc 1 107 1 is_stmt 0 view .LVU77
 271 0000 10B5     		push	{r4, lr}
 272              		.cfi_def_cfa_offset 8
 273              		.cfi_offset 4, -8
 274              		.cfi_offset 14, -4
 108:Core/Src/adc.c **** 
 109:Core/Src/adc.c ****   if(adcHandle->Instance==ADC1)
 275              		.loc 1 109 3 is_stmt 1 view .LVU78
ARM GAS  C:\Users\Daniel\AppData\Local\Temp\ccAeUQHh.s 			page 8


 276              		.loc 1 109 15 is_stmt 0 view .LVU79
 277 0002 0268     		ldr	r2, [r0]
 278              		.loc 1 109 5 view .LVU80
 279 0004 074B     		ldr	r3, .L16
 280 0006 9A42     		cmp	r2, r3
 281 0008 00D0     		beq	.L15
 282              	.LVL12:
 283              	.L13:
 110:Core/Src/adc.c ****   {
 111:Core/Src/adc.c ****   /* USER CODE BEGIN ADC1_MspDeInit 0 */
 112:Core/Src/adc.c **** 
 113:Core/Src/adc.c ****   /* USER CODE END ADC1_MspDeInit 0 */
 114:Core/Src/adc.c ****     /* Peripheral clock disable */
 115:Core/Src/adc.c ****     __HAL_RCC_ADC1_CLK_DISABLE();
 116:Core/Src/adc.c **** 
 117:Core/Src/adc.c ****     /**ADC GPIO Configuration
 118:Core/Src/adc.c ****     PA0     ------> ADC_IN0
 119:Core/Src/adc.c ****     */
 120:Core/Src/adc.c ****     HAL_GPIO_DeInit(BAT_INP_ADC_GPIO_Port, BAT_INP_ADC_Pin);
 121:Core/Src/adc.c **** 
 122:Core/Src/adc.c ****   /* USER CODE BEGIN ADC1_MspDeInit 1 */
 123:Core/Src/adc.c **** 
 124:Core/Src/adc.c ****   /* USER CODE END ADC1_MspDeInit 1 */
 125:Core/Src/adc.c ****   }
 126:Core/Src/adc.c **** }
 284              		.loc 1 126 1 view .LVU81
 285              		@ sp needed
 286 000a 10BD     		pop	{r4, pc}
 287              	.LVL13:
 288              	.L15:
 115:Core/Src/adc.c **** 
 289              		.loc 1 115 5 is_stmt 1 view .LVU82
 290 000c 064A     		ldr	r2, .L16+4
 291 000e 9369     		ldr	r3, [r2, #24]
 292 0010 0649     		ldr	r1, .L16+8
 293 0012 0B40     		ands	r3, r1
 294 0014 9361     		str	r3, [r2, #24]
 120:Core/Src/adc.c **** 
 295              		.loc 1 120 5 view .LVU83
 296 0016 9020     		movs	r0, #144
 297              	.LVL14:
 120:Core/Src/adc.c **** 
 298              		.loc 1 120 5 is_stmt 0 view .LVU84
 299 0018 0121     		movs	r1, #1
 300 001a C005     		lsls	r0, r0, #23
 301 001c FFF7FEFF 		bl	HAL_GPIO_DeInit
 302              	.LVL15:
 303              		.loc 1 126 1 view .LVU85
 304 0020 F3E7     		b	.L13
 305              	.L17:
 306 0022 C046     		.align	2
 307              	.L16:
 308 0024 00240140 		.word	1073816576
 309 0028 00100240 		.word	1073876992
 310 002c FFFDFFFF 		.word	-513
 311              		.cfi_endproc
 312              	.LFE42:
ARM GAS  C:\Users\Daniel\AppData\Local\Temp\ccAeUQHh.s 			page 9


 314              		.global	hadc
 315              		.section	.bss.hadc,"aw",%nobits
 316              		.align	2
 319              	hadc:
 320 0000 00000000 		.space	64
 320      00000000 
 320      00000000 
 320      00000000 
 320      00000000 
 321              		.text
 322              	.Letext0:
 323              		.file 2 "c:\\users\\daniel\\appdata\\roaming\\code\\user\\globalstorage\\bmd.stm32-for-vscode\\@xp
 324              		.file 3 "c:\\users\\daniel\\appdata\\roaming\\code\\user\\globalstorage\\bmd.stm32-for-vscode\\@xp
 325              		.file 4 "Drivers/CMSIS/Device/ST/STM32F0xx/Include/stm32f042x6.h"
 326              		.file 5 "Drivers/CMSIS/Device/ST/STM32F0xx/Include/stm32f0xx.h"
 327              		.file 6 "Drivers/STM32F0xx_HAL_Driver/Inc/stm32f0xx_hal_def.h"
 328              		.file 7 "Drivers/STM32F0xx_HAL_Driver/Inc/stm32f0xx_hal_gpio.h"
 329              		.file 8 "Drivers/STM32F0xx_HAL_Driver/Inc/stm32f0xx_hal_dma.h"
 330              		.file 9 "Drivers/STM32F0xx_HAL_Driver/Inc/stm32f0xx_hal_adc.h"
 331              		.file 10 "Core/Inc/adc.h"
 332              		.file 11 "Core/Inc/main.h"
 333              		.file 12 "<built-in>"
ARM GAS  C:\Users\Daniel\AppData\Local\Temp\ccAeUQHh.s 			page 10


DEFINED SYMBOLS
                            *ABS*:00000000 adc.c
C:\Users\Daniel\AppData\Local\Temp\ccAeUQHh.s:19     .text.MX_ADC_Init:00000000 $t
C:\Users\Daniel\AppData\Local\Temp\ccAeUQHh.s:25     .text.MX_ADC_Init:00000000 MX_ADC_Init
C:\Users\Daniel\AppData\Local\Temp\ccAeUQHh.s:144    .text.MX_ADC_Init:00000070 $d
C:\Users\Daniel\AppData\Local\Temp\ccAeUQHh.s:319    .bss.hadc:00000000 hadc
C:\Users\Daniel\AppData\Local\Temp\ccAeUQHh.s:150    .text.HAL_ADC_MspInit:00000000 $t
C:\Users\Daniel\AppData\Local\Temp\ccAeUQHh.s:156    .text.HAL_ADC_MspInit:00000000 HAL_ADC_MspInit
C:\Users\Daniel\AppData\Local\Temp\ccAeUQHh.s:251    .text.HAL_ADC_MspInit:00000058 $d
C:\Users\Daniel\AppData\Local\Temp\ccAeUQHh.s:257    .text.HAL_ADC_MspDeInit:00000000 $t
C:\Users\Daniel\AppData\Local\Temp\ccAeUQHh.s:263    .text.HAL_ADC_MspDeInit:00000000 HAL_ADC_MspDeInit
C:\Users\Daniel\AppData\Local\Temp\ccAeUQHh.s:308    .text.HAL_ADC_MspDeInit:00000024 $d
C:\Users\Daniel\AppData\Local\Temp\ccAeUQHh.s:316    .bss.hadc:00000000 $d

UNDEFINED SYMBOLS
memset
HAL_ADC_Init
HAL_ADC_ConfigChannel
Error_Handler
HAL_GPIO_Init
HAL_GPIO_DeInit
