ARM GAS  C:\Users\Daniel\AppData\Local\Temp\ccvE7IBq.s 			page 1


   1              		.cpu cortex-m0
   2              		.arch armv6s-m
   3              		.fpu softvfp
   4              		.eabi_attribute 20, 1
   5              		.eabi_attribute 21, 1
   6              		.eabi_attribute 23, 3
   7              		.eabi_attribute 24, 1
   8              		.eabi_attribute 25, 1
   9              		.eabi_attribute 26, 1
  10              		.eabi_attribute 30, 1
  11              		.eabi_attribute 34, 0
  12              		.eabi_attribute 18, 4
  13              		.file	"usart.c"
  14              		.text
  15              	.Ltext0:
  16              		.cfi_sections	.debug_frame
  17              		.file 1 "Core/Src/usart.c"
  18              		.section	.text.MX_USART2_UART_Init,"ax",%progbits
  19              		.align	1
  20              		.global	MX_USART2_UART_Init
  21              		.syntax unified
  22              		.code	16
  23              		.thumb_func
  25              	MX_USART2_UART_Init:
  26              	.LFB40:
   1:Core/Src/usart.c **** /* USER CODE BEGIN Header */
   2:Core/Src/usart.c **** /**
   3:Core/Src/usart.c ****   ******************************************************************************
   4:Core/Src/usart.c ****   * @file    usart.c
   5:Core/Src/usart.c ****   * @brief   This file provides code for the configuration
   6:Core/Src/usart.c ****   *          of the USART instances.
   7:Core/Src/usart.c ****   ******************************************************************************
   8:Core/Src/usart.c ****   * @attention
   9:Core/Src/usart.c ****   *
  10:Core/Src/usart.c ****   * Copyright (c) 2023 STMicroelectronics.
  11:Core/Src/usart.c ****   * All rights reserved.
  12:Core/Src/usart.c ****   *
  13:Core/Src/usart.c ****   * This software is licensed under terms that can be found in the LICENSE file
  14:Core/Src/usart.c ****   * in the root directory of this software component.
  15:Core/Src/usart.c ****   * If no LICENSE file comes with this software, it is provided AS-IS.
  16:Core/Src/usart.c ****   *
  17:Core/Src/usart.c ****   ******************************************************************************
  18:Core/Src/usart.c ****   */
  19:Core/Src/usart.c **** /* USER CODE END Header */
  20:Core/Src/usart.c **** /* Includes ------------------------------------------------------------------*/
  21:Core/Src/usart.c **** #include "usart.h"
  22:Core/Src/usart.c **** 
  23:Core/Src/usart.c **** /* USER CODE BEGIN 0 */
  24:Core/Src/usart.c **** 
  25:Core/Src/usart.c **** /* USER CODE END 0 */
  26:Core/Src/usart.c **** 
  27:Core/Src/usart.c **** UART_HandleTypeDef huart2;
  28:Core/Src/usart.c **** 
  29:Core/Src/usart.c **** /* USART2 init function */
  30:Core/Src/usart.c **** 
  31:Core/Src/usart.c **** void MX_USART2_UART_Init(void)
  32:Core/Src/usart.c **** {
ARM GAS  C:\Users\Daniel\AppData\Local\Temp\ccvE7IBq.s 			page 2


  27              		.loc 1 32 1 view -0
  28              		.cfi_startproc
  29              		@ args = 0, pretend = 0, frame = 0
  30              		@ frame_needed = 0, uses_anonymous_args = 0
  31 0000 10B5     		push	{r4, lr}
  32              		.cfi_def_cfa_offset 8
  33              		.cfi_offset 4, -8
  34              		.cfi_offset 14, -4
  33:Core/Src/usart.c **** 
  34:Core/Src/usart.c ****   /* USER CODE BEGIN USART2_Init 0 */
  35:Core/Src/usart.c **** 
  36:Core/Src/usart.c ****   /* USER CODE END USART2_Init 0 */
  37:Core/Src/usart.c **** 
  38:Core/Src/usart.c ****   /* USER CODE BEGIN USART2_Init 1 */
  39:Core/Src/usart.c **** 
  40:Core/Src/usart.c ****   /* USER CODE END USART2_Init 1 */
  41:Core/Src/usart.c ****   huart2.Instance = USART2;
  35              		.loc 1 41 3 view .LVU1
  36              		.loc 1 41 19 is_stmt 0 view .LVU2
  37 0002 0C48     		ldr	r0, .L4
  38 0004 0C4B     		ldr	r3, .L4+4
  39 0006 0360     		str	r3, [r0]
  42:Core/Src/usart.c ****   huart2.Init.BaudRate = 38400;
  40              		.loc 1 42 3 is_stmt 1 view .LVU3
  41              		.loc 1 42 24 is_stmt 0 view .LVU4
  42 0008 9623     		movs	r3, #150
  43 000a 1B02     		lsls	r3, r3, #8
  44 000c 4360     		str	r3, [r0, #4]
  43:Core/Src/usart.c ****   huart2.Init.WordLength = UART_WORDLENGTH_8B;
  45              		.loc 1 43 3 is_stmt 1 view .LVU5
  46              		.loc 1 43 26 is_stmt 0 view .LVU6
  47 000e 0023     		movs	r3, #0
  48 0010 8360     		str	r3, [r0, #8]
  44:Core/Src/usart.c ****   huart2.Init.StopBits = UART_STOPBITS_1;
  49              		.loc 1 44 3 is_stmt 1 view .LVU7
  50              		.loc 1 44 24 is_stmt 0 view .LVU8
  51 0012 C360     		str	r3, [r0, #12]
  45:Core/Src/usart.c ****   huart2.Init.Parity = UART_PARITY_NONE;
  52              		.loc 1 45 3 is_stmt 1 view .LVU9
  53              		.loc 1 45 22 is_stmt 0 view .LVU10
  54 0014 0361     		str	r3, [r0, #16]
  46:Core/Src/usart.c ****   huart2.Init.Mode = UART_MODE_TX_RX;
  55              		.loc 1 46 3 is_stmt 1 view .LVU11
  56              		.loc 1 46 20 is_stmt 0 view .LVU12
  57 0016 0C22     		movs	r2, #12
  58 0018 4261     		str	r2, [r0, #20]
  47:Core/Src/usart.c ****   huart2.Init.HwFlowCtl = UART_HWCONTROL_NONE;
  59              		.loc 1 47 3 is_stmt 1 view .LVU13
  60              		.loc 1 47 25 is_stmt 0 view .LVU14
  61 001a 8361     		str	r3, [r0, #24]
  48:Core/Src/usart.c ****   huart2.Init.OverSampling = UART_OVERSAMPLING_16;
  62              		.loc 1 48 3 is_stmt 1 view .LVU15
  63              		.loc 1 48 28 is_stmt 0 view .LVU16
  64 001c C361     		str	r3, [r0, #28]
  49:Core/Src/usart.c ****   huart2.Init.OneBitSampling = UART_ONE_BIT_SAMPLE_DISABLE;
  65              		.loc 1 49 3 is_stmt 1 view .LVU17
  66              		.loc 1 49 30 is_stmt 0 view .LVU18
ARM GAS  C:\Users\Daniel\AppData\Local\Temp\ccvE7IBq.s 			page 3


  67 001e 0362     		str	r3, [r0, #32]
  50:Core/Src/usart.c ****   huart2.AdvancedInit.AdvFeatureInit = UART_ADVFEATURE_NO_INIT;
  68              		.loc 1 50 3 is_stmt 1 view .LVU19
  69              		.loc 1 50 38 is_stmt 0 view .LVU20
  70 0020 4362     		str	r3, [r0, #36]
  51:Core/Src/usart.c ****   if (HAL_UART_Init(&huart2) != HAL_OK)
  71              		.loc 1 51 3 is_stmt 1 view .LVU21
  72              		.loc 1 51 7 is_stmt 0 view .LVU22
  73 0022 FFF7FEFF 		bl	HAL_UART_Init
  74              	.LVL0:
  75              		.loc 1 51 6 view .LVU23
  76 0026 0028     		cmp	r0, #0
  77 0028 00D1     		bne	.L3
  78              	.L1:
  52:Core/Src/usart.c ****   {
  53:Core/Src/usart.c ****     Error_Handler();
  54:Core/Src/usart.c ****   }
  55:Core/Src/usart.c ****   /* USER CODE BEGIN USART2_Init 2 */
  56:Core/Src/usart.c **** 
  57:Core/Src/usart.c ****   /* USER CODE END USART2_Init 2 */
  58:Core/Src/usart.c **** 
  59:Core/Src/usart.c **** }
  79              		.loc 1 59 1 view .LVU24
  80              		@ sp needed
  81 002a 10BD     		pop	{r4, pc}
  82              	.L3:
  53:Core/Src/usart.c ****   }
  83              		.loc 1 53 5 is_stmt 1 view .LVU25
  84 002c FFF7FEFF 		bl	Error_Handler
  85              	.LVL1:
  86              		.loc 1 59 1 is_stmt 0 view .LVU26
  87 0030 FBE7     		b	.L1
  88              	.L5:
  89 0032 C046     		.align	2
  90              	.L4:
  91 0034 00000000 		.word	huart2
  92 0038 00440040 		.word	1073759232
  93              		.cfi_endproc
  94              	.LFE40:
  96              		.section	.text.HAL_UART_MspInit,"ax",%progbits
  97              		.align	1
  98              		.global	HAL_UART_MspInit
  99              		.syntax unified
 100              		.code	16
 101              		.thumb_func
 103              	HAL_UART_MspInit:
 104              	.LVL2:
 105              	.LFB41:
  60:Core/Src/usart.c **** 
  61:Core/Src/usart.c **** void HAL_UART_MspInit(UART_HandleTypeDef* uartHandle)
  62:Core/Src/usart.c **** {
 106              		.loc 1 62 1 is_stmt 1 view -0
 107              		.cfi_startproc
 108              		@ args = 0, pretend = 0, frame = 32
 109              		@ frame_needed = 0, uses_anonymous_args = 0
 110              		.loc 1 62 1 is_stmt 0 view .LVU28
 111 0000 10B5     		push	{r4, lr}
ARM GAS  C:\Users\Daniel\AppData\Local\Temp\ccvE7IBq.s 			page 4


 112              		.cfi_def_cfa_offset 8
 113              		.cfi_offset 4, -8
 114              		.cfi_offset 14, -4
 115 0002 88B0     		sub	sp, sp, #32
 116              		.cfi_def_cfa_offset 40
 117 0004 0400     		movs	r4, r0
  63:Core/Src/usart.c **** 
  64:Core/Src/usart.c ****   GPIO_InitTypeDef GPIO_InitStruct = {0};
 118              		.loc 1 64 3 is_stmt 1 view .LVU29
 119              		.loc 1 64 20 is_stmt 0 view .LVU30
 120 0006 1422     		movs	r2, #20
 121 0008 0021     		movs	r1, #0
 122 000a 03A8     		add	r0, sp, #12
 123              	.LVL3:
 124              		.loc 1 64 20 view .LVU31
 125 000c FFF7FEFF 		bl	memset
 126              	.LVL4:
  65:Core/Src/usart.c ****   if(uartHandle->Instance==USART2)
 127              		.loc 1 65 3 is_stmt 1 view .LVU32
 128              		.loc 1 65 16 is_stmt 0 view .LVU33
 129 0010 2268     		ldr	r2, [r4]
 130              		.loc 1 65 5 view .LVU34
 131 0012 124B     		ldr	r3, .L9
 132 0014 9A42     		cmp	r2, r3
 133 0016 01D0     		beq	.L8
 134              	.L6:
  66:Core/Src/usart.c ****   {
  67:Core/Src/usart.c ****   /* USER CODE BEGIN USART2_MspInit 0 */
  68:Core/Src/usart.c **** 
  69:Core/Src/usart.c ****   /* USER CODE END USART2_MspInit 0 */
  70:Core/Src/usart.c ****     /* USART2 clock enable */
  71:Core/Src/usart.c ****     __HAL_RCC_USART2_CLK_ENABLE();
  72:Core/Src/usart.c **** 
  73:Core/Src/usart.c ****     __HAL_RCC_GPIOA_CLK_ENABLE();
  74:Core/Src/usart.c ****     /**USART2 GPIO Configuration
  75:Core/Src/usart.c ****     PA2     ------> USART2_TX
  76:Core/Src/usart.c ****     PA3     ------> USART2_RX
  77:Core/Src/usart.c ****     */
  78:Core/Src/usart.c ****     GPIO_InitStruct.Pin = GPIO_PIN_2|GPIO_PIN_3;
  79:Core/Src/usart.c ****     GPIO_InitStruct.Mode = GPIO_MODE_AF_PP;
  80:Core/Src/usart.c ****     GPIO_InitStruct.Pull = GPIO_NOPULL;
  81:Core/Src/usart.c ****     GPIO_InitStruct.Speed = GPIO_SPEED_FREQ_HIGH;
  82:Core/Src/usart.c ****     GPIO_InitStruct.Alternate = GPIO_AF1_USART2;
  83:Core/Src/usart.c ****     HAL_GPIO_Init(GPIOA, &GPIO_InitStruct);
  84:Core/Src/usart.c **** 
  85:Core/Src/usart.c ****   /* USER CODE BEGIN USART2_MspInit 1 */
  86:Core/Src/usart.c **** 
  87:Core/Src/usart.c ****   /* USER CODE END USART2_MspInit 1 */
  88:Core/Src/usart.c ****   }
  89:Core/Src/usart.c **** }
 135              		.loc 1 89 1 view .LVU35
 136 0018 08B0     		add	sp, sp, #32
 137              		@ sp needed
 138              	.LVL5:
 139              		.loc 1 89 1 view .LVU36
 140 001a 10BD     		pop	{r4, pc}
 141              	.LVL6:
ARM GAS  C:\Users\Daniel\AppData\Local\Temp\ccvE7IBq.s 			page 5


 142              	.L8:
  71:Core/Src/usart.c **** 
 143              		.loc 1 71 5 is_stmt 1 view .LVU37
 144              	.LBB2:
  71:Core/Src/usart.c **** 
 145              		.loc 1 71 5 view .LVU38
  71:Core/Src/usart.c **** 
 146              		.loc 1 71 5 view .LVU39
 147 001c 104B     		ldr	r3, .L9+4
 148 001e D969     		ldr	r1, [r3, #28]
 149 0020 8022     		movs	r2, #128
 150 0022 9202     		lsls	r2, r2, #10
 151 0024 1143     		orrs	r1, r2
 152 0026 D961     		str	r1, [r3, #28]
  71:Core/Src/usart.c **** 
 153              		.loc 1 71 5 view .LVU40
 154 0028 D969     		ldr	r1, [r3, #28]
 155 002a 1140     		ands	r1, r2
 156 002c 0191     		str	r1, [sp, #4]
  71:Core/Src/usart.c **** 
 157              		.loc 1 71 5 view .LVU41
 158 002e 0199     		ldr	r1, [sp, #4]
 159              	.LBE2:
  71:Core/Src/usart.c **** 
 160              		.loc 1 71 5 view .LVU42
  73:Core/Src/usart.c ****     /**USART2 GPIO Configuration
 161              		.loc 1 73 5 view .LVU43
 162              	.LBB3:
  73:Core/Src/usart.c ****     /**USART2 GPIO Configuration
 163              		.loc 1 73 5 view .LVU44
  73:Core/Src/usart.c ****     /**USART2 GPIO Configuration
 164              		.loc 1 73 5 view .LVU45
 165 0030 5969     		ldr	r1, [r3, #20]
 166 0032 1143     		orrs	r1, r2
 167 0034 5961     		str	r1, [r3, #20]
  73:Core/Src/usart.c ****     /**USART2 GPIO Configuration
 168              		.loc 1 73 5 view .LVU46
 169 0036 5B69     		ldr	r3, [r3, #20]
 170 0038 1340     		ands	r3, r2
 171 003a 0293     		str	r3, [sp, #8]
  73:Core/Src/usart.c ****     /**USART2 GPIO Configuration
 172              		.loc 1 73 5 view .LVU47
 173 003c 029B     		ldr	r3, [sp, #8]
 174              	.LBE3:
  73:Core/Src/usart.c ****     /**USART2 GPIO Configuration
 175              		.loc 1 73 5 view .LVU48
  78:Core/Src/usart.c ****     GPIO_InitStruct.Mode = GPIO_MODE_AF_PP;
 176              		.loc 1 78 5 view .LVU49
  78:Core/Src/usart.c ****     GPIO_InitStruct.Mode = GPIO_MODE_AF_PP;
 177              		.loc 1 78 25 is_stmt 0 view .LVU50
 178 003e 0C23     		movs	r3, #12
 179 0040 0393     		str	r3, [sp, #12]
  79:Core/Src/usart.c ****     GPIO_InitStruct.Pull = GPIO_NOPULL;
 180              		.loc 1 79 5 is_stmt 1 view .LVU51
  79:Core/Src/usart.c ****     GPIO_InitStruct.Pull = GPIO_NOPULL;
 181              		.loc 1 79 26 is_stmt 0 view .LVU52
 182 0042 0A3B     		subs	r3, r3, #10
ARM GAS  C:\Users\Daniel\AppData\Local\Temp\ccvE7IBq.s 			page 6


 183 0044 0493     		str	r3, [sp, #16]
  80:Core/Src/usart.c ****     GPIO_InitStruct.Speed = GPIO_SPEED_FREQ_HIGH;
 184              		.loc 1 80 5 is_stmt 1 view .LVU53
  81:Core/Src/usart.c ****     GPIO_InitStruct.Alternate = GPIO_AF1_USART2;
 185              		.loc 1 81 5 view .LVU54
  81:Core/Src/usart.c ****     GPIO_InitStruct.Alternate = GPIO_AF1_USART2;
 186              		.loc 1 81 27 is_stmt 0 view .LVU55
 187 0046 0133     		adds	r3, r3, #1
 188 0048 0693     		str	r3, [sp, #24]
  82:Core/Src/usart.c ****     HAL_GPIO_Init(GPIOA, &GPIO_InitStruct);
 189              		.loc 1 82 5 is_stmt 1 view .LVU56
  82:Core/Src/usart.c ****     HAL_GPIO_Init(GPIOA, &GPIO_InitStruct);
 190              		.loc 1 82 31 is_stmt 0 view .LVU57
 191 004a 023B     		subs	r3, r3, #2
 192 004c 0793     		str	r3, [sp, #28]
  83:Core/Src/usart.c **** 
 193              		.loc 1 83 5 is_stmt 1 view .LVU58
 194 004e 9020     		movs	r0, #144
 195 0050 03A9     		add	r1, sp, #12
 196 0052 C005     		lsls	r0, r0, #23
 197 0054 FFF7FEFF 		bl	HAL_GPIO_Init
 198              	.LVL7:
 199              		.loc 1 89 1 is_stmt 0 view .LVU59
 200 0058 DEE7     		b	.L6
 201              	.L10:
 202 005a C046     		.align	2
 203              	.L9:
 204 005c 00440040 		.word	1073759232
 205 0060 00100240 		.word	1073876992
 206              		.cfi_endproc
 207              	.LFE41:
 209              		.section	.text.HAL_UART_MspDeInit,"ax",%progbits
 210              		.align	1
 211              		.global	HAL_UART_MspDeInit
 212              		.syntax unified
 213              		.code	16
 214              		.thumb_func
 216              	HAL_UART_MspDeInit:
 217              	.LVL8:
 218              	.LFB42:
  90:Core/Src/usart.c **** 
  91:Core/Src/usart.c **** void HAL_UART_MspDeInit(UART_HandleTypeDef* uartHandle)
  92:Core/Src/usart.c **** {
 219              		.loc 1 92 1 is_stmt 1 view -0
 220              		.cfi_startproc
 221              		@ args = 0, pretend = 0, frame = 0
 222              		@ frame_needed = 0, uses_anonymous_args = 0
 223              		.loc 1 92 1 is_stmt 0 view .LVU61
 224 0000 10B5     		push	{r4, lr}
 225              		.cfi_def_cfa_offset 8
 226              		.cfi_offset 4, -8
 227              		.cfi_offset 14, -4
  93:Core/Src/usart.c **** 
  94:Core/Src/usart.c ****   if(uartHandle->Instance==USART2)
 228              		.loc 1 94 3 is_stmt 1 view .LVU62
 229              		.loc 1 94 16 is_stmt 0 view .LVU63
 230 0002 0268     		ldr	r2, [r0]
ARM GAS  C:\Users\Daniel\AppData\Local\Temp\ccvE7IBq.s 			page 7


 231              		.loc 1 94 5 view .LVU64
 232 0004 074B     		ldr	r3, .L14
 233 0006 9A42     		cmp	r2, r3
 234 0008 00D0     		beq	.L13
 235              	.LVL9:
 236              	.L11:
  95:Core/Src/usart.c ****   {
  96:Core/Src/usart.c ****   /* USER CODE BEGIN USART2_MspDeInit 0 */
  97:Core/Src/usart.c **** 
  98:Core/Src/usart.c ****   /* USER CODE END USART2_MspDeInit 0 */
  99:Core/Src/usart.c ****     /* Peripheral clock disable */
 100:Core/Src/usart.c ****     __HAL_RCC_USART2_CLK_DISABLE();
 101:Core/Src/usart.c **** 
 102:Core/Src/usart.c ****     /**USART2 GPIO Configuration
 103:Core/Src/usart.c ****     PA2     ------> USART2_TX
 104:Core/Src/usart.c ****     PA3     ------> USART2_RX
 105:Core/Src/usart.c ****     */
 106:Core/Src/usart.c ****     HAL_GPIO_DeInit(GPIOA, GPIO_PIN_2|GPIO_PIN_3);
 107:Core/Src/usart.c **** 
 108:Core/Src/usart.c ****   /* USER CODE BEGIN USART2_MspDeInit 1 */
 109:Core/Src/usart.c **** 
 110:Core/Src/usart.c ****   /* USER CODE END USART2_MspDeInit 1 */
 111:Core/Src/usart.c ****   }
 112:Core/Src/usart.c **** }
 237              		.loc 1 112 1 view .LVU65
 238              		@ sp needed
 239 000a 10BD     		pop	{r4, pc}
 240              	.LVL10:
 241              	.L13:
 100:Core/Src/usart.c **** 
 242              		.loc 1 100 5 is_stmt 1 view .LVU66
 243 000c 064A     		ldr	r2, .L14+4
 244 000e D369     		ldr	r3, [r2, #28]
 245 0010 0649     		ldr	r1, .L14+8
 246 0012 0B40     		ands	r3, r1
 247 0014 D361     		str	r3, [r2, #28]
 106:Core/Src/usart.c **** 
 248              		.loc 1 106 5 view .LVU67
 249 0016 9020     		movs	r0, #144
 250              	.LVL11:
 106:Core/Src/usart.c **** 
 251              		.loc 1 106 5 is_stmt 0 view .LVU68
 252 0018 0C21     		movs	r1, #12
 253 001a C005     		lsls	r0, r0, #23
 254 001c FFF7FEFF 		bl	HAL_GPIO_DeInit
 255              	.LVL12:
 256              		.loc 1 112 1 view .LVU69
 257 0020 F3E7     		b	.L11
 258              	.L15:
 259 0022 C046     		.align	2
 260              	.L14:
 261 0024 00440040 		.word	1073759232
 262 0028 00100240 		.word	1073876992
 263 002c FFFFFDFF 		.word	-131073
 264              		.cfi_endproc
 265              	.LFE42:
 267              		.global	huart2
ARM GAS  C:\Users\Daniel\AppData\Local\Temp\ccvE7IBq.s 			page 8


 268              		.section	.bss.huart2,"aw",%nobits
 269              		.align	2
 272              	huart2:
 273 0000 00000000 		.space	136
 273      00000000 
 273      00000000 
 273      00000000 
 273      00000000 
 274              		.text
 275              	.Letext0:
 276              		.file 2 "c:\\users\\daniel\\appdata\\roaming\\code\\user\\globalstorage\\bmd.stm32-for-vscode\\@xp
 277              		.file 3 "c:\\users\\daniel\\appdata\\roaming\\code\\user\\globalstorage\\bmd.stm32-for-vscode\\@xp
 278              		.file 4 "Drivers/CMSIS/Device/ST/STM32F0xx/Include/stm32f042x6.h"
 279              		.file 5 "Drivers/STM32F0xx_HAL_Driver/Inc/stm32f0xx_hal_def.h"
 280              		.file 6 "Drivers/STM32F0xx_HAL_Driver/Inc/stm32f0xx_hal_gpio.h"
 281              		.file 7 "Drivers/STM32F0xx_HAL_Driver/Inc/stm32f0xx_hal_dma.h"
 282              		.file 8 "Drivers/STM32F0xx_HAL_Driver/Inc/stm32f0xx_hal_uart.h"
 283              		.file 9 "Core/Inc/usart.h"
 284              		.file 10 "Core/Inc/main.h"
 285              		.file 11 "<built-in>"
ARM GAS  C:\Users\Daniel\AppData\Local\Temp\ccvE7IBq.s 			page 9


DEFINED SYMBOLS
                            *ABS*:00000000 usart.c
C:\Users\Daniel\AppData\Local\Temp\ccvE7IBq.s:19     .text.MX_USART2_UART_Init:00000000 $t
C:\Users\Daniel\AppData\Local\Temp\ccvE7IBq.s:25     .text.MX_USART2_UART_Init:00000000 MX_USART2_UART_Init
C:\Users\Daniel\AppData\Local\Temp\ccvE7IBq.s:91     .text.MX_USART2_UART_Init:00000034 $d
C:\Users\Daniel\AppData\Local\Temp\ccvE7IBq.s:272    .bss.huart2:00000000 huart2
C:\Users\Daniel\AppData\Local\Temp\ccvE7IBq.s:97     .text.HAL_UART_MspInit:00000000 $t
C:\Users\Daniel\AppData\Local\Temp\ccvE7IBq.s:103    .text.HAL_UART_MspInit:00000000 HAL_UART_MspInit
C:\Users\Daniel\AppData\Local\Temp\ccvE7IBq.s:204    .text.HAL_UART_MspInit:0000005c $d
C:\Users\Daniel\AppData\Local\Temp\ccvE7IBq.s:210    .text.HAL_UART_MspDeInit:00000000 $t
C:\Users\Daniel\AppData\Local\Temp\ccvE7IBq.s:216    .text.HAL_UART_MspDeInit:00000000 HAL_UART_MspDeInit
C:\Users\Daniel\AppData\Local\Temp\ccvE7IBq.s:261    .text.HAL_UART_MspDeInit:00000024 $d
C:\Users\Daniel\AppData\Local\Temp\ccvE7IBq.s:269    .bss.huart2:00000000 $d

UNDEFINED SYMBOLS
HAL_UART_Init
Error_Handler
memset
HAL_GPIO_Init
HAL_GPIO_DeInit
